<?xml version="1.0" encoding="UTF-8"?>
<!-- Generated by org.testng.reporters.JUnitReportReporter -->
<testsuite hostname="ws-vbalaban" name="CreatePostTest" tests="1" failures="0" timestamp="3 Mar 2015 11:43:02 GMT" time="14.705" errors="0">
  <testcase name="createPost" time="14.705" classname="CreatePostTest"/>
</testsuite>
